<?xml version="1.0" encoding="UTF-8"?>
<!-- Generated by org.testng.reporters.JUnitReportReporter -->
<testsuite hostname="Admin" name="Selenium.E2EProject.HomePage" tests="2" failures="0" timestamp="10 Oct 2020 07:14:55 GMT" time="13.882" errors="0">
  <testcase name="InitializeHomepage" time="3.174" classname="Selenium.E2EProject.HomePage"/>
  <testcase name="InitializeHomepage" time="10.708" classname="Selenium.E2EProject.HomePage"/>
</testsuite> <!-- Selenium.E2EProject.HomePage -->
