<?xml version="1.0" encoding="UTF-8"?>
<!-- Generated by org.testng.reporters.JUnitReportReporter -->
<testsuite hostname="Admin" failures="0" tests="2" name="Selenium.E2EProject.HomePage" time="78.151" errors="0" timestamp="2 Dec 2020 03:05:01 GMT">
  <testcase classname="Selenium.E2EProject.HomePage" name="InitializeHomepage" time="71.901"/>
  <testcase classname="Selenium.E2EProject.HomePage" name="InitializeHomepage" time="6.250"/>
</testsuite> <!-- Selenium.E2EProject.HomePage -->
